2025-06-01T16:27:03.142Z - GET /books
2025-06-01T16:27:30.020Z - GET /contacts
2025-06-01T16:31:06.978Z - GET /contact
2025-06-01T16:38:40.445Z - GET /books
2025-06-01T16:40:07.488Z - GET /books
2025-06-01T16:40:19.167Z - GET /books
2025-06-01T16:40:44.420Z - GET /books
2025-06-01T16:40:44.744Z - GET /favicon.ico
2025-06-01T16:40:55.485Z - GET /books
2025-06-01T16:47:42.699Z - GET /books
2025-06-06T14:36:19.224Z - POST /api/books/BBsctsjMyrvePDi_efDDd
2025-06-06T14:37:05.255Z - POST /api/books/1
2025-06-06T14:37:28.795Z - POST /api/books/1
2025-06-06T15:16:28.152Z - PUT /api/books/
2025-06-06T15:16:38.343Z - PUT /api/books/
2025-06-14T06:42:27.835Z - POST /api/books
2025-06-15T08:08:24.789Z - PATCH /api/books/684d1f0b32b78e89ae4ac0a4
2025-06-15T08:08:45.655Z - PATCH /api/books/684d20baddd5d547ca82e74c
2025-06-21T07:30:28.145Z - POST /api/auth
2025-06-21T07:32:22.920Z - POST /api/auth
2025-06-21T09:48:21.560Z - POST /api/login
2025-06-21T09:54:03.525Z - POST /api/login
2025-06-21T09:54:34.402Z - POST /api/auth/login
2025-06-21T09:58:08.197Z - POST /api/login
2025-06-21T10:29:56.371Z - POST /api/login
2025-06-21T10:30:47.653Z - POST /api/login
2025-06-21T10:31:48.374Z - POST /api/auth/login
